Performing C SOURCE FILE Test CMAKE_HAVE_LIBC_PTHREAD failed with the following output:
Change Dir: /home/cona/git/Graph-SLAM/Graph_slam/build/CMakeFiles/CMakeTmp

Run Build Command(s):/usr/bin/make cmTC_7390b/fast && /usr/bin/make -f CMakeFiles/cmTC_7390b.dir/build.make CMakeFiles/cmTC_7390b.dir/build
make[1]: Entering directory '/home/cona/git/Graph-SLAM/Graph_slam/build/CMakeFiles/CMakeTmp'
Building C object CMakeFiles/cmTC_7390b.dir/src.c.o
/usr/bin/cc   -DCMAKE_HAVE_LIBC_PTHREAD   -o CMakeFiles/cmTC_7390b.dir/src.c.o   -c /home/cona/git/Graph-SLAM/Graph_slam/build/CMakeFiles/CMakeTmp/src.c
Linking C executable cmTC_7390b
/usr/bin/cmake -E cmake_link_script CMakeFiles/cmTC_7390b.dir/link.txt --verbose=1
/usr/bin/cc  -DCMAKE_HAVE_LIBC_PTHREAD    -rdynamic CMakeFiles/cmTC_7390b.dir/src.c.o  -o cmTC_7390b 
/usr/bin/ld: CMakeFiles/cmTC_7390b.dir/src.c.o: in function `main':
src.c:(.text+0x46): undefined reference to `pthread_create'
/usr/bin/ld: src.c:(.text+0x52): undefined reference to `pthread_detach'
/usr/bin/ld: src.c:(.text+0x63): undefined reference to `pthread_join'
collect2: error: ld returned 1 exit status
make[1]: *** [CMakeFiles/cmTC_7390b.dir/build.make:87: cmTC_7390b] Error 1
make[1]: Leaving directory '/home/cona/git/Graph-SLAM/Graph_slam/build/CMakeFiles/CMakeTmp'
make: *** [Makefile:121: cmTC_7390b/fast] Error 2


Source file was:
#include <pthread.h>

void* test_func(void* data)
{
  return data;
}

int main(void)
{
  pthread_t thread;
  pthread_create(&thread, NULL, test_func, NULL);
  pthread_detach(thread);
  pthread_join(thread, NULL);
  pthread_atfork(NULL, NULL, NULL);
  pthread_exit(NULL);

  return 0;
}

Determining if the function pthread_create exists in the pthreads failed with the following output:
Change Dir: /home/cona/git/Graph-SLAM/Graph_slam/build/CMakeFiles/CMakeTmp

Run Build Command(s):/usr/bin/make cmTC_4d3f4/fast && /usr/bin/make -f CMakeFiles/cmTC_4d3f4.dir/build.make CMakeFiles/cmTC_4d3f4.dir/build
make[1]: Entering directory '/home/cona/git/Graph-SLAM/Graph_slam/build/CMakeFiles/CMakeTmp'
Building C object CMakeFiles/cmTC_4d3f4.dir/CheckFunctionExists.c.o
/usr/bin/cc   -DCHECK_FUNCTION_EXISTS=pthread_create   -o CMakeFiles/cmTC_4d3f4.dir/CheckFunctionExists.c.o   -c /usr/share/cmake-3.16/Modules/CheckFunctionExists.c
Linking C executable cmTC_4d3f4
/usr/bin/cmake -E cmake_link_script CMakeFiles/cmTC_4d3f4.dir/link.txt --verbose=1
/usr/bin/cc  -DCHECK_FUNCTION_EXISTS=pthread_create    -rdynamic CMakeFiles/cmTC_4d3f4.dir/CheckFunctionExists.c.o  -o cmTC_4d3f4  -lpthreads 
/usr/bin/ld: cannot find -lpthreads
collect2: error: ld returned 1 exit status
make[1]: *** [CMakeFiles/cmTC_4d3f4.dir/build.make:87: cmTC_4d3f4] Error 1
make[1]: Leaving directory '/home/cona/git/Graph-SLAM/Graph_slam/build/CMakeFiles/CMakeTmp'
make: *** [Makefile:121: cmTC_4d3f4/fast] Error 2



Determining if the function sgemm_ exists failed with the following output:
Change Dir: /home/cona/git/Graph-SLAM/Graph_slam/build/CMakeFiles/CMakeTmp

Run Build Command(s):/usr/bin/make cmTC_83d15/fast && /usr/bin/make -f CMakeFiles/cmTC_83d15.dir/build.make CMakeFiles/cmTC_83d15.dir/build
make[1]: Entering directory '/home/cona/git/Graph-SLAM/Graph_slam/build/CMakeFiles/CMakeTmp'
Building C object CMakeFiles/cmTC_83d15.dir/CheckFunctionExists.c.o
/usr/bin/cc   -DCHECK_FUNCTION_EXISTS=sgemm_   -o CMakeFiles/cmTC_83d15.dir/CheckFunctionExists.c.o   -c /usr/share/cmake-3.16/Modules/CheckFunctionExists.c
Linking C executable cmTC_83d15
/usr/bin/cmake -E cmake_link_script CMakeFiles/cmTC_83d15.dir/link.txt --verbose=1
/usr/bin/cc  -DCHECK_FUNCTION_EXISTS=sgemm_    -rdynamic CMakeFiles/cmTC_83d15.dir/CheckFunctionExists.c.o  -o cmTC_83d15 
/usr/bin/ld: CMakeFiles/cmTC_83d15.dir/CheckFunctionExists.c.o: in function `main':
CheckFunctionExists.c:(.text+0x14): undefined reference to `sgemm_'
collect2: error: ld returned 1 exit status
make[1]: *** [CMakeFiles/cmTC_83d15.dir/build.make:87: cmTC_83d15] Error 1
make[1]: Leaving directory '/home/cona/git/Graph-SLAM/Graph_slam/build/CMakeFiles/CMakeTmp'
make: *** [Makefile:121: cmTC_83d15/fast] Error 2



Determining if the function cheev_ exists failed with the following output:
Change Dir: /home/cona/git/Graph-SLAM/Graph_slam/build/CMakeFiles/CMakeTmp

Run Build Command(s):/usr/bin/make cmTC_a81c0/fast && /usr/bin/make -f CMakeFiles/cmTC_a81c0.dir/build.make CMakeFiles/cmTC_a81c0.dir/build
make[1]: Entering directory '/home/cona/git/Graph-SLAM/Graph_slam/build/CMakeFiles/CMakeTmp'
Building C object CMakeFiles/cmTC_a81c0.dir/CheckFunctionExists.c.o
/usr/bin/cc   -DCHECK_FUNCTION_EXISTS=cheev_   -o CMakeFiles/cmTC_a81c0.dir/CheckFunctionExists.c.o   -c /usr/share/cmake-3.16/Modules/CheckFunctionExists.c
Linking C executable cmTC_a81c0
/usr/bin/cmake -E cmake_link_script CMakeFiles/cmTC_a81c0.dir/link.txt --verbose=1
/usr/bin/cc  -DCHECK_FUNCTION_EXISTS=cheev_    -rdynamic CMakeFiles/cmTC_a81c0.dir/CheckFunctionExists.c.o  -o cmTC_a81c0  /usr/lib/x86_64-linux-gnu/libf77blas.so /usr/lib/x86_64-linux-gnu/libatlas.so 
/usr/bin/ld: CMakeFiles/cmTC_a81c0.dir/CheckFunctionExists.c.o: in function `main':
CheckFunctionExists.c:(.text+0x14): undefined reference to `cheev_'
collect2: error: ld returned 1 exit status
make[1]: *** [CMakeFiles/cmTC_a81c0.dir/build.make:89: cmTC_a81c0] Error 1
make[1]: Leaving directory '/home/cona/git/Graph-SLAM/Graph_slam/build/CMakeFiles/CMakeTmp'
make: *** [Makefile:121: cmTC_a81c0/fast] Error 2



