Performing C SOURCE FILE Test CMAKE_HAVE_LIBC_PTHREAD failed with the following output:
Change Dir: /home/cona/PoseGraph-tutorial/ceres_tutorial/build/CMakeFiles/CMakeTmp

Run Build Command(s):/usr/bin/make cmTC_71b13/fast && /usr/bin/make -f CMakeFiles/cmTC_71b13.dir/build.make CMakeFiles/cmTC_71b13.dir/build
make[1]: Entering directory '/home/cona/PoseGraph-tutorial/ceres_tutorial/build/CMakeFiles/CMakeTmp'
Building C object CMakeFiles/cmTC_71b13.dir/src.c.o
/usr/bin/cc   -DCMAKE_HAVE_LIBC_PTHREAD   -o CMakeFiles/cmTC_71b13.dir/src.c.o   -c /home/cona/PoseGraph-tutorial/ceres_tutorial/build/CMakeFiles/CMakeTmp/src.c
Linking C executable cmTC_71b13
/usr/bin/cmake -E cmake_link_script CMakeFiles/cmTC_71b13.dir/link.txt --verbose=1
/usr/bin/cc  -DCMAKE_HAVE_LIBC_PTHREAD    CMakeFiles/cmTC_71b13.dir/src.c.o  -o cmTC_71b13 
/usr/bin/ld: CMakeFiles/cmTC_71b13.dir/src.c.o: in function `main':
src.c:(.text+0x46): undefined reference to `pthread_create'
/usr/bin/ld: src.c:(.text+0x52): undefined reference to `pthread_detach'
/usr/bin/ld: src.c:(.text+0x63): undefined reference to `pthread_join'
collect2: error: ld returned 1 exit status
make[1]: *** [CMakeFiles/cmTC_71b13.dir/build.make:87: cmTC_71b13] Error 1
make[1]: Leaving directory '/home/cona/PoseGraph-tutorial/ceres_tutorial/build/CMakeFiles/CMakeTmp'
make: *** [Makefile:121: cmTC_71b13/fast] Error 2


Source file was:
#include <pthread.h>

void* test_func(void* data)
{
  return data;
}

int main(void)
{
  pthread_t thread;
  pthread_create(&thread, NULL, test_func, NULL);
  pthread_detach(thread);
  pthread_join(thread, NULL);
  pthread_atfork(NULL, NULL, NULL);
  pthread_exit(NULL);

  return 0;
}

Determining if the function pthread_create exists in the pthreads failed with the following output:
Change Dir: /home/cona/PoseGraph-tutorial/ceres_tutorial/build/CMakeFiles/CMakeTmp

Run Build Command(s):/usr/bin/make cmTC_69d59/fast && /usr/bin/make -f CMakeFiles/cmTC_69d59.dir/build.make CMakeFiles/cmTC_69d59.dir/build
make[1]: Entering directory '/home/cona/PoseGraph-tutorial/ceres_tutorial/build/CMakeFiles/CMakeTmp'
Building C object CMakeFiles/cmTC_69d59.dir/CheckFunctionExists.c.o
/usr/bin/cc   -DCHECK_FUNCTION_EXISTS=pthread_create   -o CMakeFiles/cmTC_69d59.dir/CheckFunctionExists.c.o   -c /usr/share/cmake-3.16/Modules/CheckFunctionExists.c
Linking C executable cmTC_69d59
/usr/bin/cmake -E cmake_link_script CMakeFiles/cmTC_69d59.dir/link.txt --verbose=1
/usr/bin/cc  -DCHECK_FUNCTION_EXISTS=pthread_create    CMakeFiles/cmTC_69d59.dir/CheckFunctionExists.c.o  -o cmTC_69d59  -lpthreads 
/usr/bin/ld: cannot find -lpthreads
collect2: error: ld returned 1 exit status
make[1]: *** [CMakeFiles/cmTC_69d59.dir/build.make:87: cmTC_69d59] Error 1
make[1]: Leaving directory '/home/cona/PoseGraph-tutorial/ceres_tutorial/build/CMakeFiles/CMakeTmp'
make: *** [Makefile:121: cmTC_69d59/fast] Error 2



Determining if the function sgemm_ exists failed with the following output:
Change Dir: /home/cona/PoseGraph-tutorial/ceres_tutorial/build/CMakeFiles/CMakeTmp

Run Build Command(s):/usr/bin/make cmTC_a5f67/fast && /usr/bin/make -f CMakeFiles/cmTC_a5f67.dir/build.make CMakeFiles/cmTC_a5f67.dir/build
make[1]: Entering directory '/home/cona/PoseGraph-tutorial/ceres_tutorial/build/CMakeFiles/CMakeTmp'
Building C object CMakeFiles/cmTC_a5f67.dir/CheckFunctionExists.c.o
/usr/bin/cc   -DCHECK_FUNCTION_EXISTS=sgemm_   -o CMakeFiles/cmTC_a5f67.dir/CheckFunctionExists.c.o   -c /usr/share/cmake-3.16/Modules/CheckFunctionExists.c
Linking C executable cmTC_a5f67
/usr/bin/cmake -E cmake_link_script CMakeFiles/cmTC_a5f67.dir/link.txt --verbose=1
/usr/bin/cc  -DCHECK_FUNCTION_EXISTS=sgemm_    CMakeFiles/cmTC_a5f67.dir/CheckFunctionExists.c.o  -o cmTC_a5f67 
/usr/bin/ld: CMakeFiles/cmTC_a5f67.dir/CheckFunctionExists.c.o: in function `main':
CheckFunctionExists.c:(.text+0x14): undefined reference to `sgemm_'
collect2: error: ld returned 1 exit status
make[1]: *** [CMakeFiles/cmTC_a5f67.dir/build.make:87: cmTC_a5f67] Error 1
make[1]: Leaving directory '/home/cona/PoseGraph-tutorial/ceres_tutorial/build/CMakeFiles/CMakeTmp'
make: *** [Makefile:121: cmTC_a5f67/fast] Error 2



Determining if the function cheev_ exists failed with the following output:
Change Dir: /home/cona/PoseGraph-tutorial/ceres_tutorial/build/CMakeFiles/CMakeTmp

Run Build Command(s):/usr/bin/make cmTC_e1223/fast && /usr/bin/make -f CMakeFiles/cmTC_e1223.dir/build.make CMakeFiles/cmTC_e1223.dir/build
make[1]: Entering directory '/home/cona/PoseGraph-tutorial/ceres_tutorial/build/CMakeFiles/CMakeTmp'
Building C object CMakeFiles/cmTC_e1223.dir/CheckFunctionExists.c.o
/usr/bin/cc   -DCHECK_FUNCTION_EXISTS=cheev_   -o CMakeFiles/cmTC_e1223.dir/CheckFunctionExists.c.o   -c /usr/share/cmake-3.16/Modules/CheckFunctionExists.c
Linking C executable cmTC_e1223
/usr/bin/cmake -E cmake_link_script CMakeFiles/cmTC_e1223.dir/link.txt --verbose=1
/usr/bin/cc  -DCHECK_FUNCTION_EXISTS=cheev_    CMakeFiles/cmTC_e1223.dir/CheckFunctionExists.c.o  -o cmTC_e1223  /usr/lib/x86_64-linux-gnu/libf77blas.so /usr/lib/x86_64-linux-gnu/libatlas.so 
/usr/bin/ld: CMakeFiles/cmTC_e1223.dir/CheckFunctionExists.c.o: in function `main':
CheckFunctionExists.c:(.text+0x14): undefined reference to `cheev_'
collect2: error: ld returned 1 exit status
make[1]: *** [CMakeFiles/cmTC_e1223.dir/build.make:89: cmTC_e1223] Error 1
make[1]: Leaving directory '/home/cona/PoseGraph-tutorial/ceres_tutorial/build/CMakeFiles/CMakeTmp'
make: *** [Makefile:121: cmTC_e1223/fast] Error 2



